<?xml version="1.0" encoding="UTF-8"?>
<!-- Generated by org.testng.reporters.JUnitXMLReporter -->
<testsuite ignored="0" hostname="Nikhil" failures="1" tests="2" name="Error Validations" time="10.632" errors="0" timestamp="2025-06-24T07:50:20 IST">
  <testcase classname="com.nikhil.testing.seleniumTestingFresh.ErrorValidationTest" name="errorValidation" time="0.275">
    <skipped/>
  </testcase> <!-- errorValidation -->
  <testcase classname="com.nikhil.testing.seleniumTestingFresh.ErrorValidationTest" name="errorValidation" time="0.293">
    <failure type="java.lang.AssertionError" message="expected [Incorrect email or password.] but found [Incorrect email password.]">
      <![CDATA[java.lang.AssertionError: expected [Incorrect email or password.] but found [Incorrect email password.]
at com.nikhil.testing.seleniumTestingFresh.ErrorValidationTest.errorValidation(ErrorValidationTest.java:16)
at java.base/java.util.ArrayList.forEach(ArrayList.java:1596)
at java.base/java.util.concurrent.FutureTask.run(FutureTask.java:317)
at java.base/java.util.concurrent.ThreadPoolExecutor.runWorker(ThreadPoolExecutor.java:1144)
at java.base/java.util.concurrent.ThreadPoolExecutor$Worker.run(ThreadPoolExecutor.java:642)
at java.base/java.lang.Thread.run(Thread.java:1583)
... Removed 21 stack frames]]>
    </failure>
  </testcase> <!-- errorValidation -->
</testsuite> <!-- Error Validations -->
